2025-12-03 23:10:35,154 - main - INFO - Importing models...
2025-12-03 23:10:35,178 - main - INFO - Creating database tables...
2025-12-03 23:10:35,709 - main - INFO -    - characters
2025-12-03 23:10:35,726 - main - INFO -    - daily_missions
2025-12-03 23:10:35,727 - main - INFO -    - exercises
2025-12-03 23:10:35,728 - main - INFO -    - grammar_examples
2025-12-03 23:10:35,730 - main - INFO -    - grammar_points
2025-12-03 23:10:35,733 - main - INFO -    - lesson_characters
2025-12-03 23:10:35,747 - main - INFO -    - lesson_objectives
2025-12-03 23:10:35,754 - main - INFO -    - lesson_vocabulary
2025-12-03 23:10:35,773 - main - INFO -    - lessons
2025-12-03 23:10:35,792 - main - INFO -    - user_missions
2025-12-03 23:10:35,795 - main - INFO -    - user_progress
2025-12-03 23:10:35,798 - main - INFO -    - users
2025-12-03 23:10:35,808 - main - INFO -    - vocabularies
2025-12-03 23:10:35,845 - main - INFO - ================================================================================
2025-12-03 23:10:36,063 - main - INFO - ================================================================================
2025-12-03 23:10:36,319 - main - INFO - ================================================================================
2025-12-03 23:10:44,943 - main - INFO -    Client: 127.0.0.1
2025-12-03 23:10:44,952 - main - INFO -    Client: 127.0.0.1
2025-12-03 23:10:44,962 - main - INFO - --------------------------------------------------------------------------------
2025-12-03 23:10:44,975 - main - INFO - --------------------------------------------------------------------------------
2025-12-03 23:10:44,991 - main - INFO -    Client: 127.0.0.1
2025-12-03 23:10:45,007 - main - INFO -    Client: 127.0.0.1
2025-12-03 23:10:45,017 - main - INFO - --------------------------------------------------------------------------------
2025-12-03 23:10:45,031 - main - INFO - --------------------------------------------------------------------------------
2025-12-03 23:10:46,678 - main - INFO -    Client: 127.0.0.1
2025-12-03 23:10:46,679 - main - INFO -    Query params: {'hsk_level': '1'}
2025-12-03 23:10:46,752 - main - INFO -    Client: 127.0.0.1
2025-12-03 23:10:46,752 - main - INFO -    Query params: {'hsk_level': '1'}
2025-12-03 23:11:00,602 - main - INFO - ================================================================================
2025-12-03 23:11:00,635 - main - INFO - ================================================================================
2025-12-03 23:11:24,340 - main - INFO - Importing models...
2025-12-03 23:11:24,340 - main - INFO - Creating database tables...
2025-12-03 23:11:24,442 - main - INFO -    - characters
2025-12-03 23:11:24,443 - main - INFO -    - daily_missions
2025-12-03 23:11:24,443 - main - INFO -    - exercises
2025-12-03 23:11:24,443 - main - INFO -    - grammar_examples
2025-12-03 23:11:24,444 - main - INFO -    - grammar_points
2025-12-03 23:11:24,444 - main - INFO -    - lesson_characters
2025-12-03 23:11:24,444 - main - INFO -    - lesson_objectives
2025-12-03 23:11:24,445 - main - INFO -    - lesson_vocabulary
2025-12-03 23:11:24,445 - main - INFO -    - lessons
2025-12-03 23:11:24,445 - main - INFO -    - user_missions
2025-12-03 23:11:24,445 - main - INFO -    - user_progress
2025-12-03 23:11:24,446 - main - INFO -    - users
2025-12-03 23:11:24,446 - main - INFO -    - vocabularies
2025-12-03 23:11:24,465 - main - INFO - ================================================================================
2025-12-03 23:11:24,481 - main - INFO - ================================================================================
2025-12-03 23:11:24,512 - main - INFO - ================================================================================
2025-12-03 23:16:54,129 - main - INFO - ================================================================================
2025-12-03 23:16:54,184 - main - INFO - ================================================================================
2025-12-03 23:16:56,643 - main - INFO - Importing models...
2025-12-03 23:16:56,648 - main - INFO - Creating database tables...
2025-12-03 23:16:56,789 - main - INFO - [SUCCESS] Database tables created successfully!
2025-12-03 23:16:56,795 - main - INFO - [INFO] Total tables in database: 13
2025-12-03 23:16:56,814 - main - INFO -    - characters
2025-12-03 23:16:56,821 - main - INFO -    - daily_missions
2025-12-03 23:16:56,822 - main - INFO -    - exercises
2025-12-03 23:16:56,823 - main - INFO -    - grammar_examples
2025-12-03 23:16:56,823 - main - INFO -    - grammar_points
2025-12-03 23:16:56,832 - main - INFO -    - lesson_characters
2025-12-03 23:16:56,833 - main - INFO -    - lesson_objectives
2025-12-03 23:16:56,841 - main - INFO -    - lesson_vocabulary
2025-12-03 23:16:56,849 - main - INFO -    - lessons
2025-12-03 23:16:56,854 - main - INFO -    - user_missions
2025-12-03 23:16:56,855 - main - INFO -    - user_progress
2025-12-03 23:16:56,857 - main - INFO -    - users
2025-12-03 23:16:56,861 - main - INFO -    - vocabularies
2025-12-03 23:16:56,890 - main - INFO - ================================================================================
2025-12-03 23:16:56,894 - main - INFO - [STARTUP] Tian Tian API Server Starting...
2025-12-03 23:16:56,895 - main - INFO - ================================================================================
2025-12-03 23:16:56,897 - main - INFO - [INFO] Server URL: http://localhost:8000
2025-12-03 23:16:56,899 - main - INFO - [INFO] API Docs: http://localhost:8000/docs
2025-12-03 23:16:56,907 - main - INFO - [INFO] Health Check: http://localhost:8000/health
2025-12-03 23:16:56,919 - main - INFO - ================================================================================
2025-12-03 23:17:01,371 - main - INFO - [REQUEST] GET /api/lessons
2025-12-03 23:17:01,387 - main - INFO -    Client: 127.0.0.1
2025-12-03 23:17:01,388 - main - INFO -    Query params: {'hsk_level': '2'}
2025-12-03 23:17:04,326 - main - INFO - [REQUEST] GET /api/lessons
2025-12-03 23:17:04,326 - main - INFO -    Client: 127.0.0.1
2025-12-03 23:17:04,326 - main - INFO -    Query params: {'hsk_level': '1'}
2025-12-03 23:20:34,394 - main - INFO - ================================================================================
2025-12-03 23:20:34,394 - main - INFO - [SHUTDOWN] Tian Tian API Server Shutting Down...
2025-12-03 23:20:34,396 - main - INFO - ================================================================================
2025-12-03 23:20:38,124 - main - INFO - Importing models...
2025-12-03 23:20:38,124 - main - INFO - Creating database tables...
2025-12-03 23:20:38,224 - main - INFO - [SUCCESS] Database tables created successfully!
2025-12-03 23:20:38,234 - main - INFO - [INFO] Total tables in database: 13
2025-12-03 23:20:38,234 - main - INFO -    - characters
2025-12-03 23:20:38,235 - main - INFO -    - daily_missions
2025-12-03 23:20:38,235 - main - INFO -    - exercises
2025-12-03 23:20:38,235 - main - INFO -    - grammar_examples
2025-12-03 23:20:38,236 - main - INFO -    - grammar_points
2025-12-03 23:20:38,236 - main - INFO -    - lesson_characters
2025-12-03 23:20:38,236 - main - INFO -    - lesson_objectives
2025-12-03 23:20:38,237 - main - INFO -    - lesson_vocabulary
2025-12-03 23:20:38,237 - main - INFO -    - lessons
2025-12-03 23:20:38,237 - main - INFO -    - user_missions
2025-12-03 23:20:38,238 - main - INFO -    - user_progress
2025-12-03 23:20:38,238 - main - INFO -    - users
2025-12-03 23:20:38,238 - main - INFO -    - vocabularies
2025-12-03 23:20:38,265 - main - INFO - ================================================================================
2025-12-03 23:20:38,266 - main - INFO - [STARTUP] Tian Tian API Server Starting...
2025-12-03 23:20:38,266 - main - INFO - ================================================================================
2025-12-03 23:20:38,266 - main - INFO - [INFO] Server URL: http://localhost:8000
2025-12-03 23:20:38,267 - main - INFO - [INFO] API Docs: http://localhost:8000/docs
2025-12-03 23:20:38,267 - main - INFO - [INFO] Health Check: http://localhost:8000/health
2025-12-03 23:20:38,268 - main - INFO - ================================================================================
2025-12-03 23:21:49,346 - main - INFO - ================================================================================
2025-12-03 23:21:49,346 - main - INFO - [SHUTDOWN] Tian Tian API Server Shutting Down...
2025-12-03 23:21:49,346 - main - INFO - ================================================================================
2025-12-03 23:21:52,396 - main - INFO - Importing models...
2025-12-03 23:21:52,411 - main - INFO - Creating database tables...
2025-12-03 23:21:52,508 - main - INFO - [SUCCESS] Database tables created successfully!
2025-12-03 23:21:52,516 - main - INFO - [INFO] Total tables in database: 13
2025-12-03 23:21:52,531 - main - INFO -    - characters
2025-12-03 23:21:52,531 - main - INFO -    - daily_missions
2025-12-03 23:21:52,532 - main - INFO -    - exercises
2025-12-03 23:21:52,533 - main - INFO -    - grammar_examples
2025-12-03 23:21:52,534 - main - INFO -    - grammar_points
2025-12-03 23:21:52,535 - main - INFO -    - lesson_characters
2025-12-03 23:21:52,536 - main - INFO -    - lesson_objectives
2025-12-03 23:21:52,537 - main - INFO -    - lesson_vocabulary
2025-12-03 23:21:52,537 - main - INFO -    - lessons
2025-12-03 23:21:52,538 - main - INFO -    - user_missions
2025-12-03 23:21:52,539 - main - INFO -    - user_progress
2025-12-03 23:21:52,546 - main - INFO -    - users
2025-12-03 23:21:52,564 - main - INFO -    - vocabularies
2025-12-03 23:21:52,585 - main - INFO - ================================================================================
2025-12-03 23:21:52,586 - main - INFO - [STARTUP] Tian Tian API Server Starting...
2025-12-03 23:21:52,586 - main - INFO - ================================================================================
2025-12-03 23:21:52,586 - main - INFO - [INFO] Server URL: http://localhost:8000
2025-12-03 23:21:52,597 - main - INFO - [INFO] API Docs: http://localhost:8000/docs
2025-12-03 23:21:52,600 - main - INFO - [INFO] Health Check: http://localhost:8000/health
2025-12-03 23:21:52,602 - main - INFO - ================================================================================
2025-12-03 23:22:34,709 - main - INFO - [REQUEST] GET /api/lessons
2025-12-03 23:22:34,710 - main - INFO -    Client: 127.0.0.1
2025-12-03 23:22:34,710 - main - INFO -    Query params: {'hsk_level': '2'}
2025-12-03 23:22:34,749 - main - INFO - [SUCCESS] Status: 200 | Duration: 0.040s
2025-12-03 23:22:34,750 - main - INFO - --------------------------------------------------------------------------------
2025-12-03 23:22:35,389 - main - INFO - [REQUEST] GET /api/lessons
2025-12-03 23:22:35,389 - main - INFO -    Client: 127.0.0.1
2025-12-03 23:22:35,389 - main - INFO -    Query params: {'hsk_level': '1'}
2025-12-03 23:22:35,425 - main - INFO - [SUCCESS] Status: 200 | Duration: 0.036s
2025-12-03 23:22:35,425 - main - INFO - --------------------------------------------------------------------------------
2025-12-03 23:22:39,705 - main - INFO - [REQUEST] GET /api/lessons/1
2025-12-03 23:22:39,705 - main - INFO -    Client: 127.0.0.1
2025-12-03 23:22:39,745 - main - INFO - [SUCCESS] Status: 200 | Duration: 0.040s
2025-12-03 23:22:39,748 - main - INFO - --------------------------------------------------------------------------------
2025-12-03 23:22:48,860 - main - INFO - [REQUEST] GET /api/lessons/1
2025-12-03 23:22:48,860 - main - INFO -    Client: 127.0.0.1
2025-12-03 23:22:48,877 - main - INFO - [SUCCESS] Status: 200 | Duration: 0.017s
2025-12-03 23:22:48,878 - main - INFO - --------------------------------------------------------------------------------
2025-12-03 23:22:48,883 - main - INFO - [REQUEST] GET /api/lessons/1
2025-12-03 23:22:48,884 - main - INFO -    Client: 127.0.0.1
2025-12-03 23:22:48,894 - main - INFO - [SUCCESS] Status: 200 | Duration: 0.012s
2025-12-03 23:22:48,895 - main - INFO - --------------------------------------------------------------------------------
2025-12-03 23:22:56,301 - main - INFO - [REQUEST] GET /api/lessons
2025-12-03 23:22:56,301 - main - INFO -    Client: 127.0.0.1
2025-12-03 23:22:56,302 - main - INFO -    Query params: {'hsk_level': '1'}
2025-12-03 23:22:56,326 - main - INFO - [SUCCESS] Status: 200 | Duration: 0.025s
2025-12-03 23:22:56,327 - main - INFO - --------------------------------------------------------------------------------
2025-12-03 23:22:56,330 - main - INFO - [REQUEST] GET /api/lessons
2025-12-03 23:22:56,331 - main - INFO -    Client: 127.0.0.1
2025-12-03 23:22:56,331 - main - INFO -    Query params: {'hsk_level': '1'}
2025-12-03 23:22:56,359 - main - INFO - [SUCCESS] Status: 200 | Duration: 0.029s
2025-12-03 23:22:56,360 - main - INFO - --------------------------------------------------------------------------------
2025-12-03 23:22:59,319 - main - INFO - [REQUEST] GET /api/lessons/1
2025-12-03 23:22:59,319 - main - INFO -    Client: 127.0.0.1
2025-12-03 23:22:59,330 - main - INFO - [SUCCESS] Status: 200 | Duration: 0.011s
2025-12-03 23:22:59,330 - main - INFO - --------------------------------------------------------------------------------
2025-12-04 08:05:12,202 - main - INFO - Importing models...
2025-12-04 08:05:12,202 - main - INFO - Creating database tables...
2025-12-04 08:05:12,342 - main - INFO - [SUCCESS] Database tables created successfully!
2025-12-04 08:05:12,368 - main - INFO - [INFO] Total tables in database: 13
2025-12-04 08:05:12,368 - main - INFO -    - characters
2025-12-04 08:05:12,368 - main - INFO -    - daily_missions
2025-12-04 08:05:12,368 - main - INFO -    - exercises
2025-12-04 08:05:12,368 - main - INFO -    - grammar_examples
2025-12-04 08:05:12,371 - main - INFO -    - grammar_points
2025-12-04 08:05:12,371 - main - INFO -    - lesson_characters
2025-12-04 08:05:12,372 - main - INFO -    - lesson_objectives
2025-12-04 08:05:12,372 - main - INFO -    - lesson_vocabulary
2025-12-04 08:05:12,372 - main - INFO -    - lessons
2025-12-04 08:05:12,372 - main - INFO -    - user_missions
2025-12-04 08:05:12,372 - main - INFO -    - user_progress
2025-12-04 08:05:12,372 - main - INFO -    - users
2025-12-04 08:05:12,372 - main - INFO -    - vocabularies
2025-12-04 08:05:12,427 - main - INFO - ================================================================================
2025-12-04 08:05:12,428 - main - INFO - [STARTUP] Tian Tian API Server Starting...
2025-12-04 08:05:12,429 - main - INFO - ================================================================================
2025-12-04 08:05:12,430 - main - INFO - [INFO] Server URL: http://localhost:8000
2025-12-04 08:05:12,431 - main - INFO - [INFO] API Docs: http://localhost:8000/docs
2025-12-04 08:05:12,432 - main - INFO - [INFO] Health Check: http://localhost:8000/health
2025-12-04 08:05:12,432 - main - INFO - ================================================================================
2025-12-04 08:05:28,065 - main - INFO - [REQUEST] GET /api/missions/daily
2025-12-04 08:05:28,065 - main - INFO -    Client: 127.0.0.1
2025-12-04 08:05:28,065 - main - INFO - [REQUEST] GET /api/leaderboard
2025-12-04 08:05:28,065 - main - INFO -    Client: 127.0.0.1
2025-12-04 08:05:28,072 - main - INFO - [ERROR] Status: 404 | Duration: 0.007s
2025-12-04 08:05:28,072 - main - INFO - --------------------------------------------------------------------------------
2025-12-04 08:05:28,073 - main - INFO - [ERROR] Status: 404 | Duration: 0.008s
2025-12-04 08:05:28,073 - main - INFO - --------------------------------------------------------------------------------
2025-12-04 08:06:10,970 - main - INFO - [REQUEST] GET /api/lessons
2025-12-04 08:06:10,970 - main - INFO -    Client: 127.0.0.1
2025-12-04 08:06:10,979 - main - INFO -    Query params: {'hsk_level': '1'}
2025-12-04 08:06:11,152 - main - INFO - [SUCCESS] Status: 200 | Duration: 0.181s
2025-12-04 08:06:11,152 - main - INFO - --------------------------------------------------------------------------------
2025-12-04 08:06:11,155 - main - INFO - [REQUEST] GET /api/lessons
2025-12-04 08:06:11,156 - main - INFO -    Client: 127.0.0.1
2025-12-04 08:06:11,156 - main - INFO -    Query params: {'hsk_level': '1'}
2025-12-04 08:06:11,173 - main - INFO - [SUCCESS] Status: 200 | Duration: 0.018s
2025-12-04 08:06:11,178 - main - INFO - --------------------------------------------------------------------------------
2025-12-04 08:06:12,661 - main - INFO - [REQUEST] GET /api/lessons/1
2025-12-04 08:06:12,661 - main - INFO -    Client: 127.0.0.1
2025-12-04 08:06:12,687 - main - INFO - [SUCCESS] Status: 200 | Duration: 0.026s
2025-12-04 08:06:12,688 - main - INFO - --------------------------------------------------------------------------------
2025-12-04 20:10:53,296 - main - INFO - Importing models...
2025-12-04 20:10:53,296 - main - INFO - Creating database tables...
2025-12-04 20:10:53,377 - main - INFO - [SUCCESS] Database tables created successfully!
2025-12-04 20:10:53,384 - main - INFO - [INFO] Total tables in database: 13
2025-12-04 20:10:53,384 - main - INFO -    - characters
2025-12-04 20:10:53,384 - main - INFO -    - daily_missions
2025-12-04 20:10:53,384 - main - INFO -    - exercises
2025-12-04 20:10:53,384 - main - INFO -    - grammar_examples
2025-12-04 20:10:53,384 - main - INFO -    - grammar_points
2025-12-04 20:10:53,384 - main - INFO -    - lesson_characters
2025-12-04 20:10:53,384 - main - INFO -    - lesson_objectives
2025-12-04 20:10:53,384 - main - INFO -    - lesson_vocabulary
2025-12-04 20:10:53,384 - main - INFO -    - lessons
2025-12-04 20:10:53,384 - main - INFO -    - user_missions
2025-12-04 20:10:53,384 - main - INFO -    - user_progress
2025-12-04 20:10:53,384 - main - INFO -    - users
2025-12-04 20:10:53,384 - main - INFO -    - vocabularies
2025-12-04 20:10:53,400 - main - INFO - ================================================================================
2025-12-04 20:10:53,400 - main - INFO - [STARTUP] Tian Tian API Server Starting...
2025-12-04 20:10:53,400 - main - INFO - ================================================================================
2025-12-04 20:10:53,400 - main - INFO - [INFO] Server URL: http://localhost:8000
2025-12-04 20:10:53,400 - main - INFO - [INFO] API Docs: http://localhost:8000/docs
2025-12-04 20:10:53,400 - main - INFO - [INFO] Health Check: http://localhost:8000/health
2025-12-04 20:10:53,400 - main - INFO - ================================================================================
2025-12-04 20:11:12,884 - main - INFO - [REQUEST] GET /api/missions/daily
2025-12-04 20:11:12,884 - main - INFO -    Client: 127.0.0.1
2025-12-04 20:11:12,887 - main - INFO - [REQUEST] GET /api/leaderboard
2025-12-04 20:11:12,887 - main - INFO -    Client: 127.0.0.1
2025-12-04 20:11:12,889 - main - INFO - [ERROR] Status: 404 | Duration: 0.003s
2025-12-04 20:11:12,889 - main - INFO - --------------------------------------------------------------------------------
2025-12-04 20:11:12,889 - main - INFO - [ERROR] Status: 404 | Duration: 0.002s
2025-12-04 20:11:12,889 - main - INFO - --------------------------------------------------------------------------------
2025-12-04 20:12:09,128 - main - INFO - [REQUEST] GET /api/lessons
2025-12-04 20:12:09,128 - main - INFO -    Client: 127.0.0.1
2025-12-04 20:12:09,128 - main - INFO -    Query params: {'hsk_level': '1'}
2025-12-04 20:12:09,265 - main - INFO - [SUCCESS] Status: 200 | Duration: 0.137s
2025-12-04 20:12:09,265 - main - INFO - --------------------------------------------------------------------------------
2025-12-04 20:12:09,276 - main - INFO - [REQUEST] GET /api/lessons
2025-12-04 20:12:09,278 - main - INFO -    Client: 127.0.0.1
2025-12-04 20:12:09,278 - main - INFO -    Query params: {'hsk_level': '1'}
2025-12-04 20:12:09,343 - main - INFO - [SUCCESS] Status: 200 | Duration: 0.067s
2025-12-04 20:12:09,343 - main - INFO - --------------------------------------------------------------------------------
2025-12-04 20:12:10,961 - main - INFO - [REQUEST] GET /api/lessons/1
2025-12-04 20:12:10,961 - main - INFO -    Client: 127.0.0.1
2025-12-04 20:12:10,992 - main - INFO - [SUCCESS] Status: 200 | Duration: 0.031s
2025-12-04 20:12:10,992 - main - INFO - --------------------------------------------------------------------------------
2025-12-04 20:12:29,863 - main - INFO - ================================================================================
2025-12-04 20:12:29,863 - main - INFO - [SHUTDOWN] Tian Tian API Server Shutting Down...
2025-12-04 20:12:29,865 - main - INFO - ================================================================================
2025-12-04 20:12:33,524 - main - INFO - Importing models...
2025-12-04 20:12:33,524 - main - INFO - Creating database tables...
2025-12-04 20:12:33,593 - main - INFO - [SUCCESS] Database tables created successfully!
2025-12-04 20:12:33,593 - main - INFO - [INFO] Total tables in database: 13
2025-12-04 20:12:33,593 - main - INFO -    - characters
2025-12-04 20:12:33,593 - main - INFO -    - daily_missions
2025-12-04 20:12:33,593 - main - INFO -    - exercises
2025-12-04 20:12:33,593 - main - INFO -    - grammar_examples
2025-12-04 20:12:33,593 - main - INFO -    - grammar_points
2025-12-04 20:12:33,593 - main - INFO -    - lesson_characters
2025-12-04 20:12:33,593 - main - INFO -    - lesson_objectives
2025-12-04 20:12:33,593 - main - INFO -    - lesson_vocabulary
2025-12-04 20:12:33,607 - main - INFO -    - lessons
2025-12-04 20:12:33,607 - main - INFO -    - user_missions
2025-12-04 20:12:33,608 - main - INFO -    - user_progress
2025-12-04 20:12:33,608 - main - INFO -    - users
2025-12-04 20:12:33,608 - main - INFO -    - vocabularies
2025-12-04 20:12:33,634 - main - INFO - ================================================================================
2025-12-04 20:12:33,634 - main - INFO - [STARTUP] Tian Tian API Server Starting...
2025-12-04 20:12:33,636 - main - INFO - ================================================================================
2025-12-04 20:12:33,636 - main - INFO - [INFO] Server URL: http://localhost:8000
2025-12-04 20:12:33,636 - main - INFO - [INFO] API Docs: http://localhost:8000/docs
2025-12-04 20:12:33,636 - main - INFO - [INFO] Health Check: http://localhost:8000/health
2025-12-04 20:12:33,636 - main - INFO - ================================================================================
2025-12-04 20:36:36,074 - main - INFO - ================================================================================
2025-12-04 20:36:36,074 - main - INFO - [SHUTDOWN] Tian Tian API Server Shutting Down...
2025-12-04 20:36:36,074 - main - INFO - ================================================================================
2025-12-04 20:36:38,266 - main - INFO - Importing models...
2025-12-04 20:36:38,266 - main - INFO - Creating database tables...
2025-12-04 20:36:38,367 - main - INFO - [SUCCESS] Database tables created successfully!
2025-12-04 20:36:38,386 - main - INFO - [INFO] Total tables in database: 13
2025-12-04 20:36:38,386 - main - INFO -    - characters
2025-12-04 20:36:38,386 - main - INFO -    - daily_missions
2025-12-04 20:36:38,386 - main - INFO -    - exercises
2025-12-04 20:36:38,386 - main - INFO -    - grammar_examples
2025-12-04 20:36:38,386 - main - INFO -    - grammar_points
2025-12-04 20:36:38,386 - main - INFO -    - lesson_characters
2025-12-04 20:36:38,386 - main - INFO -    - lesson_objectives
2025-12-04 20:36:38,386 - main - INFO -    - lesson_vocabulary
2025-12-04 20:36:38,386 - main - INFO -    - lessons
2025-12-04 20:36:38,386 - main - INFO -    - user_missions
2025-12-04 20:36:38,386 - main - INFO -    - user_progress
2025-12-04 20:36:38,386 - main - INFO -    - users
2025-12-04 20:36:38,386 - main - INFO -    - vocabularies
2025-12-04 20:36:38,418 - main - INFO - ================================================================================
2025-12-04 20:36:38,418 - main - INFO - [STARTUP] Tian Tian API Server Starting...
2025-12-04 20:36:38,418 - main - INFO - ================================================================================
2025-12-04 20:36:38,418 - main - INFO - [INFO] Server URL: http://localhost:8000
2025-12-04 20:36:38,418 - main - INFO - [INFO] API Docs: http://localhost:8000/docs
2025-12-04 20:36:38,418 - main - INFO - [INFO] Health Check: http://localhost:8000/health
2025-12-04 20:36:38,418 - main - INFO - ================================================================================
2025-12-04 20:48:16,889 - main - INFO - ================================================================================
2025-12-04 20:48:16,889 - main - INFO - [SHUTDOWN] Tian Tian API Server Shutting Down...
2025-12-04 20:48:16,889 - main - INFO - ================================================================================
2025-12-04 20:48:18,790 - main - INFO - Importing models...
2025-12-04 20:48:18,790 - main - INFO - Creating database tables...
2025-12-04 20:48:18,848 - main - INFO - [SUCCESS] Database tables created successfully!
2025-12-04 20:48:18,869 - main - INFO - [INFO] Total tables in database: 13
2025-12-04 20:48:18,869 - main - INFO -    - characters
2025-12-04 20:48:18,869 - main - INFO -    - daily_missions
2025-12-04 20:48:18,869 - main - INFO -    - exercises
2025-12-04 20:48:18,869 - main - INFO -    - grammar_examples
2025-12-04 20:48:18,869 - main - INFO -    - grammar_points
2025-12-04 20:48:18,873 - main - INFO -    - lesson_characters
2025-12-04 20:48:18,873 - main - INFO -    - lesson_objectives
2025-12-04 20:48:18,873 - main - INFO -    - lesson_vocabulary
2025-12-04 20:48:18,875 - main - INFO -    - lessons
2025-12-04 20:48:18,875 - main - INFO -    - user_missions
2025-12-04 20:48:18,875 - main - INFO -    - user_progress
2025-12-04 20:48:18,875 - main - INFO -    - users
2025-12-04 20:48:18,875 - main - INFO -    - vocabularies
2025-12-04 20:48:18,898 - main - INFO - ================================================================================
2025-12-04 20:48:18,898 - main - INFO - [STARTUP] Tian Tian API Server Starting...
2025-12-04 20:48:18,898 - main - INFO - ================================================================================
2025-12-04 20:48:18,898 - main - INFO - [INFO] Server URL: http://localhost:8000
2025-12-04 20:48:18,898 - main - INFO - [INFO] API Docs: http://localhost:8000/docs
2025-12-04 20:48:18,898 - main - INFO - [INFO] Health Check: http://localhost:8000/health
2025-12-04 20:48:18,898 - main - INFO - ================================================================================
2025-12-04 20:50:45,455 - main - INFO - ================================================================================
2025-12-04 20:50:45,456 - main - INFO - [SHUTDOWN] Tian Tian API Server Shutting Down...
2025-12-04 20:50:45,456 - main - INFO - ================================================================================
2025-12-04 21:09:21,882 - main - INFO - Importing models...
2025-12-04 21:09:21,911 - main - INFO - Creating database tables...
2025-12-04 21:09:21,964 - main - INFO - [SUCCESS] Database tables created!
2025-12-04 21:09:48,996 - main - INFO - Importing models...
2025-12-04 21:09:49,023 - main - INFO - Creating database tables...
2025-12-04 21:09:49,094 - main - INFO - [SUCCESS] Database tables created!
2025-12-04 21:09:52,257 - main - INFO - Importing models...
2025-12-04 21:09:52,286 - main - INFO - Creating database tables...
2025-12-04 21:09:52,348 - main - INFO - [SUCCESS] Database tables created!
2025-12-04 21:21:46,731 - main - INFO - Importing models...
2025-12-04 21:21:46,761 - main - INFO - Creating database tables...
2025-12-04 21:21:46,818 - main - INFO - [SUCCESS] Database tables created!
2025-12-04 21:21:46,998 - main - INFO - ================================================================================
2025-12-04 21:21:46,999 - main - INFO - [STARTUP] Tian Tian API Server Starting...
2025-12-04 21:21:46,999 - main - INFO - ================================================================================
2025-12-04 21:23:27,973 - main - INFO - [SHUTDOWN] Server shutting down...
2025-12-04 21:23:30,233 - main - INFO - Importing models...
2025-12-04 21:23:30,264 - main - INFO - Creating database tables...
2025-12-04 21:23:30,334 - main - INFO - [SUCCESS] Database tables created!
2025-12-04 21:23:30,506 - main - INFO - ================================================================================
2025-12-04 21:23:30,506 - main - INFO - [STARTUP] Tian Tian API Server Starting...
2025-12-04 21:23:30,506 - main - INFO - ================================================================================
2025-12-04 21:24:38,810 - main - INFO - [SHUTDOWN] Server shutting down...
2025-12-04 21:24:41,472 - main - INFO - Importing models...
2025-12-04 21:36:33,547 - main - INFO - Importing models...
2025-12-04 21:36:33,579 - main - INFO - Creating database tables...
2025-12-04 21:36:33,643 - main - INFO - [SUCCESS] Database tables created!
2025-12-04 21:36:33,813 - main - INFO - ================================================================================
2025-12-04 21:36:33,814 - main - INFO - [STARTUP] Tian Tian API Server Starting...
2025-12-04 21:36:33,814 - main - INFO - ================================================================================
2025-12-04 21:43:30,059 - main - INFO - [SHUTDOWN] Server shutting down...
2025-12-04 21:43:45,460 - main - INFO - Importing models...
2025-12-04 21:43:45,481 - main - INFO - Creating database tables...
2025-12-04 21:43:45,561 - main - INFO - [SUCCESS] Database tables created!
2025-12-04 21:43:45,721 - main - INFO - ================================================================================
2025-12-04 21:43:45,721 - main - INFO - [STARTUP] Tian Tian API Server Starting...
2025-12-04 21:43:45,722 - main - INFO - ================================================================================
2025-12-04 21:49:09,322 - main - INFO - [SHUTDOWN] Server shutting down...
2025-12-04 21:49:12,071 - main - INFO - Importing models...
2025-12-04 21:49:16,969 - main - INFO - Importing models...
2025-12-04 21:49:17,008 - main - INFO - Creating database tables...
2025-12-04 21:49:17,102 - main - INFO - [SUCCESS] Database tables created!
2025-12-04 21:49:17,318 - main - INFO - ================================================================================
2025-12-04 21:49:17,318 - main - INFO - [STARTUP] Tian Tian API Server Starting...
2025-12-04 21:49:17,318 - main - INFO - ================================================================================
2025-12-04 21:49:48,932 - main - INFO - [SHUTDOWN] Server shutting down...
2025-12-04 21:49:51,106 - main - INFO - Importing models...
2025-12-04 21:49:51,151 - main - INFO - Creating database tables...
2025-12-04 21:49:51,228 - main - INFO - [SUCCESS] Database tables created!
2025-12-04 21:49:51,412 - main - INFO - ================================================================================
2025-12-04 21:49:51,413 - main - INFO - [STARTUP] Tian Tian API Server Starting...
2025-12-04 21:49:51,413 - main - INFO - ================================================================================
2025-12-04 21:50:41,078 - main - INFO - [SHUTDOWN] Server shutting down...
2025-12-04 21:50:58,857 - main - INFO - Importing models...
2025-12-04 21:50:58,886 - main - INFO - Creating database tables...
2025-12-04 21:50:58,945 - main - INFO - [SUCCESS] Database tables created!
2025-12-04 21:50:59,087 - main - INFO - ================================================================================
2025-12-04 21:50:59,087 - main - INFO - [STARTUP] Tian Tian API Server Starting...
2025-12-04 21:50:59,087 - main - INFO - ================================================================================
2025-12-04 21:51:15,005 - main - INFO - [SHUTDOWN] Server shutting down...
2025-12-04 21:51:17,401 - main - INFO - Importing models...
2025-12-04 21:51:17,441 - main - INFO - Creating database tables...
2025-12-04 21:51:17,523 - main - INFO - [SUCCESS] Database tables created!
2025-12-04 21:51:17,711 - main - INFO - ================================================================================
2025-12-04 21:51:17,713 - main - INFO - [STARTUP] Tian Tian API Server Starting...
2025-12-04 21:51:17,714 - main - INFO - ================================================================================
2025-12-04 21:51:21,975 - main - INFO - [SHUTDOWN] Server shutting down...
2025-12-06 21:06:16,670 - main - INFO - Importing models...
2025-12-06 21:06:16,686 - main - INFO - Creating database tables...
2025-12-06 21:06:16,745 - main - ERROR - [ERROR] Error creating tables: (psycopg2.OperationalError) connection to server at "localhost" (127.0.0.1), port 5432 failed: FATAL:  database "tiantian" does not exist

(Background on this error at: https://sqlalche.me/e/20/e3q8)
2025-12-06 21:06:17,542 - main - INFO - ================================================================================
2025-12-06 21:06:17,542 - main - INFO - [STARTUP] Tian Tian API Server Starting...
2025-12-06 21:06:17,542 - main - INFO - ================================================================================
2025-12-06 21:15:52,148 - main - INFO - [SHUTDOWN] Server shutting down...
2025-12-06 21:16:00,639 - main - INFO - Importing models...
2025-12-06 21:16:00,649 - main - INFO - Creating database tables...
2025-12-06 21:16:00,709 - main - ERROR - [ERROR] Error creating tables: (psycopg2.OperationalError) connection to server at "localhost" (::1), port 5432 failed: FATAL:  database "tiantian" does not exist

(Background on this error at: https://sqlalche.me/e/20/e3q8)
2025-12-06 21:16:00,788 - main - INFO - ================================================================================
2025-12-06 21:16:00,788 - main - INFO - [STARTUP] Tian Tian API Server Starting...
2025-12-06 21:16:00,788 - main - INFO - ================================================================================
2025-12-06 21:21:55,128 - main - INFO - [SHUTDOWN] Server shutting down...
2025-12-06 21:22:20,520 - main - INFO - Importing models...
2025-12-06 21:22:20,537 - main - INFO - Creating database tables...
2025-12-06 21:22:20,603 - main - ERROR - [ERROR] Error creating tables: (psycopg2.OperationalError) connection to server at "localhost" (::1), port 5432 failed: FATAL:  database "tiantian" does not exist

(Background on this error at: https://sqlalche.me/e/20/e3q8)
2025-12-06 21:22:21,409 - main - INFO - ================================================================================
2025-12-06 21:22:21,409 - main - INFO - [STARTUP] Tian Tian API Server Starting...
2025-12-06 21:22:21,409 - main - INFO - ================================================================================
2026-01-25 22:31:13,395 - main - INFO - Importing models...
2026-01-25 22:31:13,407 - main - INFO - Creating database tables...
2026-01-25 22:31:13,560 - main - INFO - [SUCCESS] Database tables created!
2026-01-25 22:31:13,916 - main - INFO - ================================================================================
2026-01-25 22:31:13,916 - main - INFO - [STARTUP] Tian Tian API Server Starting...
2026-01-25 22:31:13,916 - main - INFO - ================================================================================
2026-01-25 22:50:04,642 - main - INFO - [SHUTDOWN] Server shutting down...
2026-01-25 22:50:05,302 - main - INFO - Importing models...
2026-01-25 22:50:05,313 - main - INFO - Creating database tables...
2026-01-25 22:50:05,378 - main - INFO - [SUCCESS] Database tables created!
2026-01-25 22:50:05,494 - main - INFO - ================================================================================
2026-01-25 22:50:05,494 - main - INFO - [STARTUP] Tian Tian API Server Starting...
2026-01-25 22:50:05,494 - main - INFO - ================================================================================
2026-01-25 22:50:29,869 - main - INFO - [SHUTDOWN] Server shutting down...
2026-01-25 22:50:30,478 - main - INFO - Importing models...
2026-01-25 22:50:30,488 - main - INFO - Creating database tables...
2026-01-25 22:50:30,555 - main - INFO - [SUCCESS] Database tables created!
2026-01-25 22:50:30,654 - main - INFO - ================================================================================
2026-01-25 22:50:30,654 - main - INFO - [STARTUP] Tian Tian API Server Starting...
2026-01-25 22:50:30,654 - main - INFO - ================================================================================
2026-01-25 22:50:43,404 - main - INFO - [SHUTDOWN] Server shutting down...
2026-01-25 22:50:44,082 - main - INFO - Importing models...
2026-01-25 22:50:44,092 - main - INFO - Creating database tables...
2026-01-25 22:50:44,169 - main - INFO - [SUCCESS] Database tables created!
2026-01-25 22:50:44,267 - main - INFO - ================================================================================
2026-01-25 22:50:44,267 - main - INFO - [STARTUP] Tian Tian API Server Starting...
2026-01-25 22:50:44,267 - main - INFO - ================================================================================
2026-01-25 22:56:34,693 - main - INFO - [SHUTDOWN] Server shutting down...
2026-01-25 22:56:35,346 - main - INFO - Importing models...
2026-01-25 22:56:35,357 - main - INFO - Creating database tables...
2026-01-25 22:56:35,417 - main - INFO - [SUCCESS] Database tables created!
2026-01-25 22:56:35,519 - main - INFO - ================================================================================
2026-01-25 22:56:35,519 - main - INFO - [STARTUP] Tian Tian API Server Starting...
2026-01-25 22:56:35,519 - main - INFO - ================================================================================
2026-01-25 22:56:53,827 - main - INFO - [SHUTDOWN] Server shutting down...
2026-01-25 22:56:54,710 - main - INFO - Importing models...
2026-01-25 22:56:54,722 - main - INFO - Creating database tables...
2026-01-25 22:56:54,769 - main - INFO - [SUCCESS] Database tables created!
2026-01-25 22:56:54,862 - main - INFO - ================================================================================
2026-01-25 22:56:54,862 - main - INFO - [STARTUP] Tian Tian API Server Starting...
2026-01-25 22:56:54,863 - main - INFO - ================================================================================
2026-01-25 23:11:47,089 - main - INFO - [SHUTDOWN] Server shutting down...
2026-01-25 23:11:47,714 - main - INFO - Importing models...
2026-01-25 23:11:47,725 - main - INFO - Creating database tables...
2026-01-25 23:11:47,778 - main - INFO - [SUCCESS] Database tables created!
2026-01-25 23:11:47,883 - main - INFO - ================================================================================
2026-01-25 23:11:47,883 - main - INFO - [STARTUP] Tian Tian API Server Starting...
2026-01-25 23:11:47,883 - main - INFO - ================================================================================
2026-01-25 23:23:41,458 - main - INFO - [SHUTDOWN] Server shutting down...
2026-01-25 23:25:34,569 - main - INFO - Importing models...
2026-01-25 23:25:34,580 - main - INFO - Creating database tables...
2026-01-25 23:25:34,723 - main - INFO - [SUCCESS] Database tables created!
2026-01-25 23:25:34,861 - main - INFO - ================================================================================
2026-01-25 23:25:34,861 - main - INFO - [STARTUP] Tian Tian API Server Starting...
2026-01-25 23:25:34,861 - main - INFO - ================================================================================
2026-01-25 23:26:22,881 - main - INFO - [SHUTDOWN] Server shutting down...
2026-01-25 23:26:30,103 - main - INFO - Importing models...
2026-01-25 23:26:30,114 - main - INFO - Creating database tables...
2026-01-25 23:26:30,184 - main - INFO - [SUCCESS] Database tables created!
2026-01-25 23:26:30,287 - main - INFO - ================================================================================
2026-01-25 23:26:30,287 - main - INFO - [STARTUP] Tian Tian API Server Starting...
2026-01-25 23:26:30,287 - main - INFO - ================================================================================
2026-01-26 07:17:09,261 - main - INFO - [SHUTDOWN] Server shutting down...
2026-01-26 07:17:10,198 - main - INFO - Importing models...
2026-01-26 07:17:10,208 - main - INFO - Creating database tables...
2026-01-26 07:17:10,334 - main - INFO - [SUCCESS] Database tables created!
2026-01-26 07:17:11,947 - main - INFO - ================================================================================
2026-01-26 07:17:11,947 - main - INFO - [STARTUP] Tian Tian API Server Starting...
2026-01-26 07:17:11,947 - main - INFO - ================================================================================
2026-01-26 07:17:13,969 - main - INFO - [SHUTDOWN] Server shutting down...
2026-01-26 07:18:29,737 - main - INFO - Importing models...
2026-01-26 07:18:29,750 - main - INFO - Creating database tables...
2026-01-26 07:18:29,829 - main - INFO - [SUCCESS] Database tables created!
2026-01-26 07:18:30,053 - main - INFO - ================================================================================
2026-01-26 07:18:30,053 - main - INFO - [STARTUP] Tian Tian API Server Starting...
2026-01-26 07:18:30,053 - main - INFO - ================================================================================
2026-01-26 21:18:57,273 - main - INFO - [SHUTDOWN] Server shutting down...
2026-01-26 21:18:58,119 - main - INFO - Importing models...
2026-01-26 21:18:58,132 - main - INFO - Creating database tables...
2026-01-26 21:18:58,217 - main - INFO - [SUCCESS] Database tables created!
2026-01-26 21:18:58,415 - main - INFO - ================================================================================
2026-01-26 21:18:58,415 - main - INFO - [STARTUP] Tian Tian API Server Starting...
2026-01-26 21:18:58,415 - main - INFO - ================================================================================
2026-01-26 21:19:48,809 - main - INFO - [SHUTDOWN] Server shutting down...
2026-01-26 21:19:49,453 - main - INFO - Importing models...
2026-01-26 21:19:49,463 - main - INFO - Creating database tables...
2026-01-26 21:19:49,515 - main - INFO - [SUCCESS] Database tables created!
2026-01-26 21:19:49,650 - main - INFO - ================================================================================
2026-01-26 21:19:49,651 - main - INFO - [STARTUP] Tian Tian API Server Starting...
2026-01-26 21:19:49,651 - main - INFO - ================================================================================
2026-01-26 21:47:20,012 - main - INFO - [SHUTDOWN] Server shutting down...
2026-01-26 21:47:20,862 - main - INFO - Importing models...
2026-01-26 21:47:20,873 - main - INFO - Creating database tables...
2026-01-26 21:47:20,929 - main - INFO - [SUCCESS] Database tables created!
2026-01-26 21:47:21,064 - main - INFO - ================================================================================
2026-01-26 21:47:21,064 - main - INFO - [STARTUP] Tian Tian API Server Starting...
2026-01-26 21:47:21,064 - main - INFO - ================================================================================
2026-01-26 21:53:05,018 - main - INFO - [SHUTDOWN] Server shutting down...
2026-01-26 21:53:05,841 - main - INFO - Importing models...
2026-01-26 21:53:05,851 - main - INFO - Creating database tables...
2026-01-26 21:53:05,898 - main - INFO - [SUCCESS] Database tables created!
2026-01-26 21:53:06,031 - main - INFO - ================================================================================
2026-01-26 21:53:06,031 - main - INFO - [STARTUP] Tian Tian API Server Starting...
2026-01-26 21:53:06,031 - main - INFO - ================================================================================
2026-01-26 21:53:29,083 - main - INFO - [SHUTDOWN] Server shutting down...
2026-01-26 21:53:29,673 - main - INFO - Importing models...
2026-01-26 21:53:29,685 - main - INFO - Creating database tables...
2026-01-26 21:53:29,751 - main - INFO - [SUCCESS] Database tables created!
2026-01-26 21:53:29,882 - main - INFO - ================================================================================
2026-01-26 21:53:29,882 - main - INFO - [STARTUP] Tian Tian API Server Starting...
2026-01-26 21:53:29,882 - main - INFO - ================================================================================
2026-01-26 21:53:43,228 - main - INFO - [SHUTDOWN] Server shutting down...
2026-01-26 21:53:43,805 - main - INFO - Importing models...
2026-01-26 21:53:43,816 - main - INFO - Creating database tables...
2026-01-26 21:53:43,872 - main - INFO - [SUCCESS] Database tables created!
2026-01-26 21:53:44,007 - main - INFO - ================================================================================
2026-01-26 21:53:44,007 - main - INFO - [STARTUP] Tian Tian API Server Starting...
2026-01-26 21:53:44,007 - main - INFO - ================================================================================
2026-01-26 21:54:40,047 - main - INFO - [SHUTDOWN] Server shutting down...
2026-01-26 21:54:40,707 - main - INFO - Importing models...
2026-01-26 21:54:40,719 - main - INFO - Creating database tables...
2026-01-26 21:54:40,773 - main - INFO - [SUCCESS] Database tables created!
2026-01-26 21:54:40,920 - main - INFO - ================================================================================
2026-01-26 21:54:40,920 - main - INFO - [STARTUP] Tian Tian API Server Starting...
2026-01-26 21:54:40,920 - main - INFO - ================================================================================
2026-01-26 21:54:57,307 - main - INFO - [SHUTDOWN] Server shutting down...
2026-01-26 21:54:58,027 - main - INFO - Importing models...
2026-01-26 21:54:58,039 - main - INFO - Creating database tables...
2026-01-26 21:54:58,101 - main - INFO - [SUCCESS] Database tables created!
2026-01-26 21:54:58,231 - main - INFO - ================================================================================
2026-01-26 21:54:58,231 - main - INFO - [STARTUP] Tian Tian API Server Starting...
2026-01-26 21:54:58,231 - main - INFO - ================================================================================
2026-01-27 22:12:41,583 - main - INFO - [SHUTDOWN] Server shutting down...
2026-01-27 22:12:42,499 - main - INFO - Importing models...
2026-01-27 22:12:42,511 - main - INFO - Creating database tables...
2026-01-27 22:12:42,608 - main - INFO - [SUCCESS] Database tables created!
2026-01-27 22:12:42,766 - main - INFO - ================================================================================
2026-01-27 22:12:42,766 - main - INFO - [STARTUP] Tian Tian API Server Starting...
2026-01-27 22:12:42,766 - main - INFO - ================================================================================
